#2.0#2024 09 14 12:09:37.953#Z#DEBUG#com.sap.cloud.lm.sl.xs2.0e9a27aa-7292-11ef-9582-eeee0a84f705.flexso-festival-planner.stageAppTask#
######org.cloudfoundry.multiapps.controller.persistence.services.ProcessLogger########flowable-async-job-executor-thread-20497###
[PollStageAppStatusExecution] [flexso-festival-planner] 491d4bb4-ce95-4cd9-9409-9d591acb9fa0 [2024-09-14T12:09:19.852900] Uploading app package for app with guid 491d4bb4-ce95-4cd9-9409-9d591acb9fa0 (STDOUT, API)#

#2.0#2024 09 14 12:09:37.953#Z#DEBUG#com.sap.cloud.lm.sl.xs2.0e9a27aa-7292-11ef-9582-eeee0a84f705.flexso-festival-planner.stageAppTask#
######org.cloudfoundry.multiapps.controller.persistence.services.ProcessLogger########flowable-async-job-executor-thread-20497###
[PollStageAppStatusExecution] [flexso-festival-planner] 491d4bb4-ce95-4cd9-9409-9d591acb9fa0 [2024-09-14T12:09:20.005395] Updated app with guid 491d4bb4-ce95-4cd9-9409-9d591acb9fa0 ({"environment_variables"=>"[PRIVATE DATA HIDDEN]"}) (STDOUT, API)#

#2.0#2024 09 14 12:09:37.953#Z#DEBUG#com.sap.cloud.lm.sl.xs2.0e9a27aa-7292-11ef-9582-eeee0a84f705.flexso-festival-planner.stageAppTask#
######org.cloudfoundry.multiapps.controller.persistence.services.ProcessLogger########flowable-async-job-executor-thread-20497###
[PollStageAppStatusExecution] [flexso-festival-planner] 491d4bb4-ce95-4cd9-9409-9d591acb9fa0 [2024-09-14T12:09:28.099154] Scaling process: "web" (STDOUT, API)#

#2.0#2024 09 14 12:09:37.953#Z#DEBUG#com.sap.cloud.lm.sl.xs2.0e9a27aa-7292-11ef-9582-eeee0a84f705.flexso-festival-planner.stageAppTask#
######org.cloudfoundry.multiapps.controller.persistence.services.ProcessLogger########flowable-async-job-executor-thread-20497###
[PollStageAppStatusExecution] [flexso-festival-planner] 491d4bb4-ce95-4cd9-9409-9d591acb9fa0 [2024-09-14T12:09:28.598595] Creating build for app with guid 491d4bb4-ce95-4cd9-9409-9d591acb9fa0 (STDOUT, API)#

#2.0#2024 09 14 12:09:37.953#Z#DEBUG#com.sap.cloud.lm.sl.xs2.0e9a27aa-7292-11ef-9582-eeee0a84f705.flexso-festival-planner.stageAppTask#
######org.cloudfoundry.multiapps.controller.persistence.services.ProcessLogger########flowable-async-job-executor-thread-20497###
[PollStageAppStatusExecution] [flexso-festival-planner] 491d4bb4-ce95-4cd9-9409-9d591acb9fa0 [2024-09-14T12:09:29.185234] Downloading zero_trust_sidecar_buildpack_1_3... (STDOUT, STG)#

#2.0#2024 09 14 12:09:37.953#Z#DEBUG#com.sap.cloud.lm.sl.xs2.0e9a27aa-7292-11ef-9582-eeee0a84f705.flexso-festival-planner.stageAppTask#
######org.cloudfoundry.multiapps.controller.persistence.services.ProcessLogger########flowable-async-job-executor-thread-20497###
[PollStageAppStatusExecution] [flexso-festival-planner] 491d4bb4-ce95-4cd9-9409-9d591acb9fa0 [2024-09-14T12:09:29.185238] Downloading php_buildpack... (STDOUT, STG)#

#2.0#2024 09 14 12:09:37.953#Z#DEBUG#com.sap.cloud.lm.sl.xs2.0e9a27aa-7292-11ef-9582-eeee0a84f705.flexso-festival-planner.stageAppTask#
######org.cloudfoundry.multiapps.controller.persistence.services.ProcessLogger########flowable-async-job-executor-thread-20497###
[PollStageAppStatusExecution] [flexso-festival-planner] 491d4bb4-ce95-4cd9-9409-9d591acb9fa0 [2024-09-14T12:09:29.185274] Downloading java_buildpack... (STDOUT, STG)#

#2.0#2024 09 14 12:09:37.953#Z#DEBUG#com.sap.cloud.lm.sl.xs2.0e9a27aa-7292-11ef-9582-eeee0a84f705.flexso-festival-planner.stageAppTask#
######org.cloudfoundry.multiapps.controller.persistence.services.ProcessLogger########flowable-async-job-executor-thread-20497###
[PollStageAppStatusExecution] [flexso-festival-planner] 491d4bb4-ce95-4cd9-9409-9d591acb9fa0 [2024-09-14T12:09:29.185291] Downloading nodejs_buildpack... (STDOUT, STG)#

#2.0#2024 09 14 12:09:37.953#Z#DEBUG#com.sap.cloud.lm.sl.xs2.0e9a27aa-7292-11ef-9582-eeee0a84f705.flexso-festival-planner.stageAppTask#
######org.cloudfoundry.multiapps.controller.persistence.services.ProcessLogger########flowable-async-job-executor-thread-20497###
[PollStageAppStatusExecution] [flexso-festival-planner] 491d4bb4-ce95-4cd9-9409-9d591acb9fa0 [2024-09-14T12:09:29.185304] Downloading sap_java_buildpack_1_100... (STDOUT, STG)#

#2.0#2024 09 14 12:09:37.953#Z#DEBUG#com.sap.cloud.lm.sl.xs2.0e9a27aa-7292-11ef-9582-eeee0a84f705.flexso-festival-planner.stageAppTask#
######org.cloudfoundry.multiapps.controller.persistence.services.ProcessLogger########flowable-async-job-executor-thread-20497###
[PollStageAppStatusExecution] [flexso-festival-planner] 491d4bb4-ce95-4cd9-9409-9d591acb9fa0 [2024-09-14T12:09:29.211942] Downloaded nodejs_buildpack (STDOUT, STG)#

#2.0#2024 09 14 12:09:37.953#Z#DEBUG#com.sap.cloud.lm.sl.xs2.0e9a27aa-7292-11ef-9582-eeee0a84f705.flexso-festival-planner.stageAppTask#
######org.cloudfoundry.multiapps.controller.persistence.services.ProcessLogger########flowable-async-job-executor-thread-20497###
[PollStageAppStatusExecution] [flexso-festival-planner] 491d4bb4-ce95-4cd9-9409-9d591acb9fa0 [2024-09-14T12:09:29.211963] Downloading go_buildpack... (STDOUT, STG)#

#2.0#2024 09 14 12:09:37.953#Z#DEBUG#com.sap.cloud.lm.sl.xs2.0e9a27aa-7292-11ef-9582-eeee0a84f705.flexso-festival-planner.stageAppTask#
######org.cloudfoundry.multiapps.controller.persistence.services.ProcessLogger########flowable-async-job-executor-thread-20497###
[PollStageAppStatusExecution] [flexso-festival-planner] 491d4bb4-ce95-4cd9-9409-9d591acb9fa0 [2024-09-14T12:09:29.212275] Downloaded java_buildpack (STDOUT, STG)#

#2.0#2024 09 14 12:09:37.953#Z#DEBUG#com.sap.cloud.lm.sl.xs2.0e9a27aa-7292-11ef-9582-eeee0a84f705.flexso-festival-planner.stageAppTask#
######org.cloudfoundry.multiapps.controller.persistence.services.ProcessLogger########flowable-async-job-executor-thread-20497###
[PollStageAppStatusExecution] [flexso-festival-planner] 491d4bb4-ce95-4cd9-9409-9d591acb9fa0 [2024-09-14T12:09:29.212291] Downloading sap_java_buildpack_jakarta_2_15... (STDOUT, STG)#

#2.0#2024 09 14 12:09:37.953#Z#DEBUG#com.sap.cloud.lm.sl.xs2.0e9a27aa-7292-11ef-9582-eeee0a84f705.flexso-festival-planner.stageAppTask#
######org.cloudfoundry.multiapps.controller.persistence.services.ProcessLogger########flowable-async-job-executor-thread-20497###
[PollStageAppStatusExecution] [flexso-festival-planner] 491d4bb4-ce95-4cd9-9409-9d591acb9fa0 [2024-09-14T12:09:29.217704] Downloaded sap_java_buildpack_1_100 (STDOUT, STG)#

#2.0#2024 09 14 12:09:37.953#Z#DEBUG#com.sap.cloud.lm.sl.xs2.0e9a27aa-7292-11ef-9582-eeee0a84f705.flexso-festival-planner.stageAppTask#
######org.cloudfoundry.multiapps.controller.persistence.services.ProcessLogger########flowable-async-job-executor-thread-20497###
[PollStageAppStatusExecution] [flexso-festival-planner] 491d4bb4-ce95-4cd9-9409-9d591acb9fa0 [2024-09-14T12:09:29.217718] Downloading sap_java_buildpack_jakarta_2_14... (STDOUT, STG)#

#2.0#2024 09 14 12:09:37.953#Z#DEBUG#com.sap.cloud.lm.sl.xs2.0e9a27aa-7292-11ef-9582-eeee0a84f705.flexso-festival-planner.stageAppTask#
######org.cloudfoundry.multiapps.controller.persistence.services.ProcessLogger########flowable-async-job-executor-thread-20497###
[PollStageAppStatusExecution] [flexso-festival-planner] 491d4bb4-ce95-4cd9-9409-9d591acb9fa0 [2024-09-14T12:09:29.217956] Downloaded zero_trust_sidecar_buildpack_1_3 (STDOUT, STG)#

#2.0#2024 09 14 12:09:37.953#Z#DEBUG#com.sap.cloud.lm.sl.xs2.0e9a27aa-7292-11ef-9582-eeee0a84f705.flexso-festival-planner.stageAppTask#
######org.cloudfoundry.multiapps.controller.persistence.services.ProcessLogger########flowable-async-job-executor-thread-20497###
[PollStageAppStatusExecution] [flexso-festival-planner] 491d4bb4-ce95-4cd9-9409-9d591acb9fa0 [2024-09-14T12:09:29.217974] Downloading sap_java_buildpack_jakarta_2_16... (STDOUT, STG)#

#2.0#2024 09 14 12:09:37.953#Z#DEBUG#com.sap.cloud.lm.sl.xs2.0e9a27aa-7292-11ef-9582-eeee0a84f705.flexso-festival-planner.stageAppTask#
######org.cloudfoundry.multiapps.controller.persistence.services.ProcessLogger########flowable-async-job-executor-thread-20497###
[PollStageAppStatusExecution] [flexso-festival-planner] 491d4bb4-ce95-4cd9-9409-9d591acb9fa0 [2024-09-14T12:09:29.218140] Downloaded php_buildpack (STDOUT, STG)#

#2.0#2024 09 14 12:09:37.953#Z#DEBUG#com.sap.cloud.lm.sl.xs2.0e9a27aa-7292-11ef-9582-eeee0a84f705.flexso-festival-planner.stageAppTask#
######org.cloudfoundry.multiapps.controller.persistence.services.ProcessLogger########flowable-async-job-executor-thread-20497###
[PollStageAppStatusExecution] [flexso-festival-planner] 491d4bb4-ce95-4cd9-9409-9d591acb9fa0 [2024-09-14T12:09:29.218154] Downloading binary_buildpack... (STDOUT, STG)#

#2.0#2024 09 14 12:09:37.953#Z#DEBUG#com.sap.cloud.lm.sl.xs2.0e9a27aa-7292-11ef-9582-eeee0a84f705.flexso-festival-planner.stageAppTask#
######org.cloudfoundry.multiapps.controller.persistence.services.ProcessLogger########flowable-async-job-executor-thread-20497###
[PollStageAppStatusExecution] [flexso-festival-planner] 491d4bb4-ce95-4cd9-9409-9d591acb9fa0 [2024-09-14T12:09:29.229439] Downloaded sap_java_buildpack_jakarta_2_14 (STDOUT, STG)#

#2.0#2024 09 14 12:09:37.954#Z#DEBUG#com.sap.cloud.lm.sl.xs2.0e9a27aa-7292-11ef-9582-eeee0a84f705.flexso-festival-planner.stageAppTask#
######org.cloudfoundry.multiapps.controller.persistence.services.ProcessLogger########flowable-async-job-executor-thread-20497###
[PollStageAppStatusExecution] [flexso-festival-planner] 491d4bb4-ce95-4cd9-9409-9d591acb9fa0 [2024-09-14T12:09:29.229453] Downloading nginx_buildpack... (STDOUT, STG)#

#2.0#2024 09 14 12:09:37.954#Z#DEBUG#com.sap.cloud.lm.sl.xs2.0e9a27aa-7292-11ef-9582-eeee0a84f705.flexso-festival-planner.stageAppTask#
######org.cloudfoundry.multiapps.controller.persistence.services.ProcessLogger########flowable-async-job-executor-thread-20497###
[PollStageAppStatusExecution] [flexso-festival-planner] 491d4bb4-ce95-4cd9-9409-9d591acb9fa0 [2024-09-14T12:09:29.238551] Downloaded sap_java_buildpack_jakarta_2_15 (STDOUT, STG)#

#2.0#2024 09 14 12:09:37.954#Z#DEBUG#com.sap.cloud.lm.sl.xs2.0e9a27aa-7292-11ef-9582-eeee0a84f705.flexso-festival-planner.stageAppTask#
######org.cloudfoundry.multiapps.controller.persistence.services.ProcessLogger########flowable-async-job-executor-thread-20497###
[PollStageAppStatusExecution] [flexso-festival-planner] 491d4bb4-ce95-4cd9-9409-9d591acb9fa0 [2024-09-14T12:09:29.238569] Downloading sap_java_buildpack... (STDOUT, STG)#

#2.0#2024 09 14 12:09:37.954#Z#DEBUG#com.sap.cloud.lm.sl.xs2.0e9a27aa-7292-11ef-9582-eeee0a84f705.flexso-festival-planner.stageAppTask#
######org.cloudfoundry.multiapps.controller.persistence.services.ProcessLogger########flowable-async-job-executor-thread-20497###
[PollStageAppStatusExecution] [flexso-festival-planner] 491d4bb4-ce95-4cd9-9409-9d591acb9fa0 [2024-09-14T12:09:29.242225] Downloaded go_buildpack (STDOUT, STG)#

#2.0#2024 09 14 12:09:37.954#Z#DEBUG#com.sap.cloud.lm.sl.xs2.0e9a27aa-7292-11ef-9582-eeee0a84f705.flexso-festival-planner.stageAppTask#
######org.cloudfoundry.multiapps.controller.persistence.services.ProcessLogger########flowable-async-job-executor-thread-20497###
[PollStageAppStatusExecution] [flexso-festival-planner] 491d4bb4-ce95-4cd9-9409-9d591acb9fa0 [2024-09-14T12:09:29.242241] Downloading zero_trust_sidecar_buildpack_1_2... (STDOUT, STG)#

#2.0#2024 09 14 12:09:37.954#Z#DEBUG#com.sap.cloud.lm.sl.xs2.0e9a27aa-7292-11ef-9582-eeee0a84f705.flexso-festival-planner.stageAppTask#
######org.cloudfoundry.multiapps.controller.persistence.services.ProcessLogger########flowable-async-job-executor-thread-20497###
[PollStageAppStatusExecution] [flexso-festival-planner] 491d4bb4-ce95-4cd9-9409-9d591acb9fa0 [2024-09-14T12:09:29.243090] Downloaded nginx_buildpack (STDOUT, STG)#

#2.0#2024 09 14 12:09:37.954#Z#DEBUG#com.sap.cloud.lm.sl.xs2.0e9a27aa-7292-11ef-9582-eeee0a84f705.flexso-festival-planner.stageAppTask#
######org.cloudfoundry.multiapps.controller.persistence.services.ProcessLogger########flowable-async-job-executor-thread-20497###
[PollStageAppStatusExecution] [flexso-festival-planner] 491d4bb4-ce95-4cd9-9409-9d591acb9fa0 [2024-09-14T12:09:29.243106] Downloading zero_trust_sidecar_buildpack_1_1... (STDOUT, STG)#

#2.0#2024 09 14 12:09:37.954#Z#DEBUG#com.sap.cloud.lm.sl.xs2.0e9a27aa-7292-11ef-9582-eeee0a84f705.flexso-festival-planner.stageAppTask#
######org.cloudfoundry.multiapps.controller.persistence.services.ProcessLogger########flowable-async-job-executor-thread-20497###
[PollStageAppStatusExecution] [flexso-festival-planner] 491d4bb4-ce95-4cd9-9409-9d591acb9fa0 [2024-09-14T12:09:29.243790] Downloaded binary_buildpack (STDOUT, STG)#

#2.0#2024 09 14 12:09:37.954#Z#DEBUG#com.sap.cloud.lm.sl.xs2.0e9a27aa-7292-11ef-9582-eeee0a84f705.flexso-festival-planner.stageAppTask#
######org.cloudfoundry.multiapps.controller.persistence.services.ProcessLogger########flowable-async-job-executor-thread-20497###
[PollStageAppStatusExecution] [flexso-festival-planner] 491d4bb4-ce95-4cd9-9409-9d591acb9fa0 [2024-09-14T12:09:29.243804] Downloading sap_java_buildpack_1_102... (STDOUT, STG)#

#2.0#2024 09 14 12:09:37.954#Z#DEBUG#com.sap.cloud.lm.sl.xs2.0e9a27aa-7292-11ef-9582-eeee0a84f705.flexso-festival-planner.stageAppTask#
######org.cloudfoundry.multiapps.controller.persistence.services.ProcessLogger########flowable-async-job-executor-thread-20497###
[PollStageAppStatusExecution] [flexso-festival-planner] 491d4bb4-ce95-4cd9-9409-9d591acb9fa0 [2024-09-14T12:09:29.247849] Downloaded sap_java_buildpack_jakarta_2_16 (STDOUT, STG)#

#2.0#2024 09 14 12:09:37.954#Z#DEBUG#com.sap.cloud.lm.sl.xs2.0e9a27aa-7292-11ef-9582-eeee0a84f705.flexso-festival-planner.stageAppTask#
######org.cloudfoundry.multiapps.controller.persistence.services.ProcessLogger########flowable-async-job-executor-thread-20497###
[PollStageAppStatusExecution] [flexso-festival-planner] 491d4bb4-ce95-4cd9-9409-9d591acb9fa0 [2024-09-14T12:09:29.247875] Downloading sap_java_buildpack_jakarta... (STDOUT, STG)#

#2.0#2024 09 14 12:09:37.954#Z#DEBUG#com.sap.cloud.lm.sl.xs2.0e9a27aa-7292-11ef-9582-eeee0a84f705.flexso-festival-planner.stageAppTask#
######org.cloudfoundry.multiapps.controller.persistence.services.ProcessLogger########flowable-async-job-executor-thread-20497###
[PollStageAppStatusExecution] [flexso-festival-planner] 491d4bb4-ce95-4cd9-9409-9d591acb9fa0 [2024-09-14T12:09:29.254038] Downloaded zero_trust_sidecar_buildpack_1_2 (STDOUT, STG)#

#2.0#2024 09 14 12:09:37.954#Z#DEBUG#com.sap.cloud.lm.sl.xs2.0e9a27aa-7292-11ef-9582-eeee0a84f705.flexso-festival-planner.stageAppTask#
######org.cloudfoundry.multiapps.controller.persistence.services.ProcessLogger########flowable-async-job-executor-thread-20497###
[PollStageAppStatusExecution] [flexso-festival-planner] 491d4bb4-ce95-4cd9-9409-9d591acb9fa0 [2024-09-14T12:09:29.254055] Downloading zero_trust_sidecar_buildpack... (STDOUT, STG)#

#2.0#2024 09 14 12:09:37.954#Z#DEBUG#com.sap.cloud.lm.sl.xs2.0e9a27aa-7292-11ef-9582-eeee0a84f705.flexso-festival-planner.stageAppTask#
######org.cloudfoundry.multiapps.controller.persistence.services.ProcessLogger########flowable-async-job-executor-thread-20497###
[PollStageAppStatusExecution] [flexso-festival-planner] 491d4bb4-ce95-4cd9-9409-9d591acb9fa0 [2024-09-14T12:09:29.255133] Downloaded zero_trust_sidecar_buildpack_1_1 (STDOUT, STG)#

#2.0#2024 09 14 12:09:37.954#Z#DEBUG#com.sap.cloud.lm.sl.xs2.0e9a27aa-7292-11ef-9582-eeee0a84f705.flexso-festival-planner.stageAppTask#
######org.cloudfoundry.multiapps.controller.persistence.services.ProcessLogger########flowable-async-job-executor-thread-20497###
[PollStageAppStatusExecution] [flexso-festival-planner] 491d4bb4-ce95-4cd9-9409-9d591acb9fa0 [2024-09-14T12:09:29.259928] Downloading staticfile_buildpack... (STDOUT, STG)#

#2.0#2024 09 14 12:09:37.954#Z#DEBUG#com.sap.cloud.lm.sl.xs2.0e9a27aa-7292-11ef-9582-eeee0a84f705.flexso-festival-planner.stageAppTask#
######org.cloudfoundry.multiapps.controller.persistence.services.ProcessLogger########flowable-async-job-executor-thread-20497###
[PollStageAppStatusExecution] [flexso-festival-planner] 491d4bb4-ce95-4cd9-9409-9d591acb9fa0 [2024-09-14T12:09:29.270165] Downloaded sap_java_buildpack (STDOUT, STG)#

#2.0#2024 09 14 12:09:37.954#Z#DEBUG#com.sap.cloud.lm.sl.xs2.0e9a27aa-7292-11ef-9582-eeee0a84f705.flexso-festival-planner.stageAppTask#
######org.cloudfoundry.multiapps.controller.persistence.services.ProcessLogger########flowable-async-job-executor-thread-20497###
[PollStageAppStatusExecution] [flexso-festival-planner] 491d4bb4-ce95-4cd9-9409-9d591acb9fa0 [2024-09-14T12:09:29.270184] Downloading python_buildpack... (STDOUT, STG)#

#2.0#2024 09 14 12:09:37.954#Z#DEBUG#com.sap.cloud.lm.sl.xs2.0e9a27aa-7292-11ef-9582-eeee0a84f705.flexso-festival-planner.stageAppTask#
######org.cloudfoundry.multiapps.controller.persistence.services.ProcessLogger########flowable-async-job-executor-thread-20497###
[PollStageAppStatusExecution] [flexso-festival-planner] 491d4bb4-ce95-4cd9-9409-9d591acb9fa0 [2024-09-14T12:09:29.272128] Downloaded sap_java_buildpack_jakarta (STDOUT, STG)#

#2.0#2024 09 14 12:09:37.954#Z#DEBUG#com.sap.cloud.lm.sl.xs2.0e9a27aa-7292-11ef-9582-eeee0a84f705.flexso-festival-planner.stageAppTask#
######org.cloudfoundry.multiapps.controller.persistence.services.ProcessLogger########flowable-async-job-executor-thread-20497###
[PollStageAppStatusExecution] [flexso-festival-planner] 491d4bb4-ce95-4cd9-9409-9d591acb9fa0 [2024-09-14T12:09:29.272145] Downloading sap_java_buildpack_1_101... (STDOUT, STG)#

#2.0#2024 09 14 12:09:37.954#Z#DEBUG#com.sap.cloud.lm.sl.xs2.0e9a27aa-7292-11ef-9582-eeee0a84f705.flexso-festival-planner.stageAppTask#
######org.cloudfoundry.multiapps.controller.persistence.services.ProcessLogger########flowable-async-job-executor-thread-20497###
[PollStageAppStatusExecution] [flexso-festival-planner] 491d4bb4-ce95-4cd9-9409-9d591acb9fa0 [2024-09-14T12:09:29.272512] Downloaded sap_java_buildpack_1_102 (STDOUT, STG)#

#2.0#2024 09 14 12:09:37.954#Z#DEBUG#com.sap.cloud.lm.sl.xs2.0e9a27aa-7292-11ef-9582-eeee0a84f705.flexso-festival-planner.stageAppTask#
######org.cloudfoundry.multiapps.controller.persistence.services.ProcessLogger########flowable-async-job-executor-thread-20497###
[PollStageAppStatusExecution] [flexso-festival-planner] 491d4bb4-ce95-4cd9-9409-9d591acb9fa0 [2024-09-14T12:09:29.283946] Downloaded zero_trust_sidecar_buildpack (STDOUT, STG)#

#2.0#2024 09 14 12:09:37.954#Z#DEBUG#com.sap.cloud.lm.sl.xs2.0e9a27aa-7292-11ef-9582-eeee0a84f705.flexso-festival-planner.stageAppTask#
######org.cloudfoundry.multiapps.controller.persistence.services.ProcessLogger########flowable-async-job-executor-thread-20497###
[PollStageAppStatusExecution] [flexso-festival-planner] 491d4bb4-ce95-4cd9-9409-9d591acb9fa0 [2024-09-14T12:09:29.284606] Downloaded sap_java_buildpack_1_101 (STDOUT, STG)#

#2.0#2024 09 14 12:09:37.954#Z#DEBUG#com.sap.cloud.lm.sl.xs2.0e9a27aa-7292-11ef-9582-eeee0a84f705.flexso-festival-planner.stageAppTask#
######org.cloudfoundry.multiapps.controller.persistence.services.ProcessLogger########flowable-async-job-executor-thread-20497###
[PollStageAppStatusExecution] [flexso-festival-planner] 491d4bb4-ce95-4cd9-9409-9d591acb9fa0 [2024-09-14T12:09:29.287823] Downloaded staticfile_buildpack (STDOUT, STG)#

#2.0#2024 09 14 12:09:37.954#Z#DEBUG#com.sap.cloud.lm.sl.xs2.0e9a27aa-7292-11ef-9582-eeee0a84f705.flexso-festival-planner.stageAppTask#
######org.cloudfoundry.multiapps.controller.persistence.services.ProcessLogger########flowable-async-job-executor-thread-20497###
[PollStageAppStatusExecution] [flexso-festival-planner] 491d4bb4-ce95-4cd9-9409-9d591acb9fa0 [2024-09-14T12:09:29.288236] Downloaded python_buildpack (STDOUT, STG)#

#2.0#2024 09 14 12:09:37.954#Z#DEBUG#com.sap.cloud.lm.sl.xs2.0e9a27aa-7292-11ef-9582-eeee0a84f705.flexso-festival-planner.stageAppTask#
######org.cloudfoundry.multiapps.controller.persistence.services.ProcessLogger########flowable-async-job-executor-thread-20497###
[PollStageAppStatusExecution] [flexso-festival-planner] 491d4bb4-ce95-4cd9-9409-9d591acb9fa0 [2024-09-14T12:09:29.288276] Cell d1cc041a-d5a1-41d6-b9f6-6cda736ce3f0 creating container for instance bb678285-fca6-4a9a-a855-a00f95102f4b (STDOUT, STG)#

#2.0#2024 09 14 12:09:37.954#Z#DEBUG#com.sap.cloud.lm.sl.xs2.0e9a27aa-7292-11ef-9582-eeee0a84f705.flexso-festival-planner.stageAppTask#
######org.cloudfoundry.multiapps.controller.persistence.services.ProcessLogger########flowable-async-job-executor-thread-20497###
[PollStageAppStatusExecution] [flexso-festival-planner] 491d4bb4-ce95-4cd9-9409-9d591acb9fa0 [2024-09-14T12:09:29.579838] Security group rules were updated (STDOUT, STG)#

#2.0#2024 09 14 12:09:37.954#Z#DEBUG#com.sap.cloud.lm.sl.xs2.0e9a27aa-7292-11ef-9582-eeee0a84f705.flexso-festival-planner.stageAppTask#
######org.cloudfoundry.multiapps.controller.persistence.services.ProcessLogger########flowable-async-job-executor-thread-20497###
[PollStageAppStatusExecution] [flexso-festival-planner] 491d4bb4-ce95-4cd9-9409-9d591acb9fa0 [2024-09-14T12:09:29.636869] Cell d1cc041a-d5a1-41d6-b9f6-6cda736ce3f0 successfully created container for instance bb678285-fca6-4a9a-a855-a00f95102f4b (STDOUT, STG)#

#2.0#2024 09 14 12:09:37.954#Z#DEBUG#com.sap.cloud.lm.sl.xs2.0e9a27aa-7292-11ef-9582-eeee0a84f705.flexso-festival-planner.stageAppTask#
######org.cloudfoundry.multiapps.controller.persistence.services.ProcessLogger########flowable-async-job-executor-thread-20497###
[PollStageAppStatusExecution] [flexso-festival-planner] 491d4bb4-ce95-4cd9-9409-9d591acb9fa0 [2024-09-14T12:09:29.984867] Downloading build artifacts cache... (STDOUT, STG)#

#2.0#2024 09 14 12:09:37.954#Z#DEBUG#com.sap.cloud.lm.sl.xs2.0e9a27aa-7292-11ef-9582-eeee0a84f705.flexso-festival-planner.stageAppTask#
######org.cloudfoundry.multiapps.controller.persistence.services.ProcessLogger########flowable-async-job-executor-thread-20497###
[PollStageAppStatusExecution] [flexso-festival-planner] 491d4bb4-ce95-4cd9-9409-9d591acb9fa0 [2024-09-14T12:09:29.984873] Downloading app package... (STDOUT, STG)#

#2.0#2024 09 14 12:09:37.954#Z#DEBUG#com.sap.cloud.lm.sl.xs2.0e9a27aa-7292-11ef-9582-eeee0a84f705.flexso-festival-planner.stageAppTask#
######org.cloudfoundry.multiapps.controller.persistence.services.ProcessLogger########flowable-async-job-executor-thread-20497###
[PollStageAppStatusExecution] [flexso-festival-planner] 491d4bb4-ce95-4cd9-9409-9d591acb9fa0 [2024-09-14T12:09:30.029550] Downloaded build artifacts cache (216B) (STDOUT, STG)#

#2.0#2024 09 14 12:09:37.954#Z#DEBUG#com.sap.cloud.lm.sl.xs2.0e9a27aa-7292-11ef-9582-eeee0a84f705.flexso-festival-planner.stageAppTask#
######org.cloudfoundry.multiapps.controller.persistence.services.ProcessLogger########flowable-async-job-executor-thread-20497###
[PollStageAppStatusExecution] [flexso-festival-planner] 491d4bb4-ce95-4cd9-9409-9d591acb9fa0 [2024-09-14T12:09:30.678011] Downloaded app package (7.3M) (STDOUT, STG)#

#2.0#2024 09 14 12:09:37.954#Z#DEBUG#com.sap.cloud.lm.sl.xs2.0e9a27aa-7292-11ef-9582-eeee0a84f705.flexso-festival-planner.stageAppTask#
######org.cloudfoundry.multiapps.controller.persistence.services.ProcessLogger########flowable-async-job-executor-thread-20497###
[PollStageAppStatusExecution] [flexso-festival-planner] 491d4bb4-ce95-4cd9-9409-9d591acb9fa0 [2024-09-14T12:09:31.171041] -----> Nodejs Buildpack version 1.8.27 (STDOUT, STG)#

#2.0#2024 09 14 12:09:37.954#Z#DEBUG#com.sap.cloud.lm.sl.xs2.0e9a27aa-7292-11ef-9582-eeee0a84f705.flexso-festival-planner.stageAppTask#
######org.cloudfoundry.multiapps.controller.persistence.services.ProcessLogger########flowable-async-job-executor-thread-20497###
[PollStageAppStatusExecution] [flexso-festival-planner] 491d4bb4-ce95-4cd9-9409-9d591acb9fa0 [2024-09-14T12:09:31.419101] -----> Bootstrapping python (STDOUT, STG)#

#2.0#2024 09 14 12:09:37.954#Z#DEBUG#com.sap.cloud.lm.sl.xs2.0e9a27aa-7292-11ef-9582-eeee0a84f705.flexso-festival-planner.stageAppTask#
######org.cloudfoundry.multiapps.controller.persistence.services.ProcessLogger########flowable-async-job-executor-thread-20497###
[PollStageAppStatusExecution] [flexso-festival-planner] 491d4bb4-ce95-4cd9-9409-9d591acb9fa0 [2024-09-14T12:09:31.419117] -----> Installing python 3.11.9 (STDOUT, STG)#

#2.0#2024 09 14 12:09:37.954#Z#DEBUG#com.sap.cloud.lm.sl.xs2.0e9a27aa-7292-11ef-9582-eeee0a84f705.flexso-festival-planner.stageAppTask#
######org.cloudfoundry.multiapps.controller.persistence.services.ProcessLogger########flowable-async-job-executor-thread-20497###
[PollStageAppStatusExecution] [flexso-festival-planner] 491d4bb4-ce95-4cd9-9409-9d591acb9fa0 [2024-09-14T12:09:31.419225] Copy [/tmp/buildpacks/2a30e1b8700f34f7/dependencies/21946bb90387e2dbfa40b0d6ca474060/python_3.11.9_linux_x64_cflinuxfs4_dea1f79d.tgz] (STDOUT, STG)#

#2.0#2024 09 14 12:09:37.954#Z#DEBUG#com.sap.cloud.lm.sl.xs2.0e9a27aa-7292-11ef-9582-eeee0a84f705.flexso-festival-planner.stageAppTask#
######org.cloudfoundry.multiapps.controller.persistence.services.ProcessLogger########flowable-async-job-executor-thread-20497###
[PollStageAppStatusExecution] [flexso-festival-planner] 491d4bb4-ce95-4cd9-9409-9d591acb9fa0 [2024-09-14T12:09:34.882130] -----> Installing binaries (STDOUT, STG)#

#2.0#2024 09 14 12:09:37.954#Z#DEBUG#com.sap.cloud.lm.sl.xs2.0e9a27aa-7292-11ef-9582-eeee0a84f705.flexso-festival-planner.stageAppTask#
######org.cloudfoundry.multiapps.controller.persistence.services.ProcessLogger########flowable-async-job-executor-thread-20497###
[PollStageAppStatusExecution] [flexso-festival-planner] 491d4bb4-ce95-4cd9-9409-9d591acb9fa0 [2024-09-14T12:09:34.882196] engines.node (package.json): ^20.0.0 (STDOUT, STG)#

#2.0#2024 09 14 12:09:37.954#Z#DEBUG#com.sap.cloud.lm.sl.xs2.0e9a27aa-7292-11ef-9582-eeee0a84f705.flexso-festival-planner.stageAppTask#
######org.cloudfoundry.multiapps.controller.persistence.services.ProcessLogger########flowable-async-job-executor-thread-20497###
[PollStageAppStatusExecution] [flexso-festival-planner] 491d4bb4-ce95-4cd9-9409-9d591acb9fa0 [2024-09-14T12:09:34.882207] engines.npm (package.json): unspecified (use default) (STDOUT, STG)#

#2.0#2024 09 14 12:09:37.954#Z#DEBUG#com.sap.cloud.lm.sl.xs2.0e9a27aa-7292-11ef-9582-eeee0a84f705.flexso-festival-planner.stageAppTask#
######org.cloudfoundry.multiapps.controller.persistence.services.ProcessLogger########flowable-async-job-executor-thread-20497###
[PollStageAppStatusExecution] [flexso-festival-planner] 491d4bb4-ce95-4cd9-9409-9d591acb9fa0 [2024-09-14T12:09:34.882252] -----> Installing node 20.15.1 (STDOUT, STG)#

#2.0#2024 09 14 12:09:37.954#Z#DEBUG#com.sap.cloud.lm.sl.xs2.0e9a27aa-7292-11ef-9582-eeee0a84f705.flexso-festival-planner.stageAppTask#
######org.cloudfoundry.multiapps.controller.persistence.services.ProcessLogger########flowable-async-job-executor-thread-20497###
[PollStageAppStatusExecution] [flexso-festival-planner] 491d4bb4-ce95-4cd9-9409-9d591acb9fa0 [2024-09-14T12:09:34.882345] Copy [/tmp/buildpacks/2a30e1b8700f34f7/dependencies/8379718ff30f90cc5706f1c664ad469e/node_20.15.1_linux_x64_cflinuxfs4_0cc99557.tgz] (STDOUT, STG)#

#2.0#2024 09 14 12:09:37.954#Z#DEBUG#com.sap.cloud.lm.sl.xs2.0e9a27aa-7292-11ef-9582-eeee0a84f705.flexso-festival-planner.stageAppTask#
######org.cloudfoundry.multiapps.controller.persistence.services.ProcessLogger########flowable-async-job-executor-thread-20497###
[PollStageAppStatusExecution] [flexso-festival-planner] 491d4bb4-ce95-4cd9-9409-9d591acb9fa0 [2024-09-14T12:09:36.699948] Using default npm version: 10.7.0 (STDOUT, STG)#

#2.0#2024 09 14 12:09:37.954#Z#DEBUG#com.sap.cloud.lm.sl.xs2.0e9a27aa-7292-11ef-9582-eeee0a84f705.flexso-festival-planner.stageAppTask#
######org.cloudfoundry.multiapps.controller.persistence.services.ProcessLogger########flowable-async-job-executor-thread-20497###
[PollStageAppStatusExecution] [flexso-festival-planner] 491d4bb4-ce95-4cd9-9409-9d591acb9fa0 [2024-09-14T12:09:36.699966] -----> Installing yarn 1.22.19 (STDOUT, STG)#

#2.0#2024 09 14 12:09:37.954#Z#DEBUG#com.sap.cloud.lm.sl.xs2.0e9a27aa-7292-11ef-9582-eeee0a84f705.flexso-festival-planner.stageAppTask#
######org.cloudfoundry.multiapps.controller.persistence.services.ProcessLogger########flowable-async-job-executor-thread-20497###
[PollStageAppStatusExecution] [flexso-festival-planner] 491d4bb4-ce95-4cd9-9409-9d591acb9fa0 [2024-09-14T12:09:36.700037] Copy [/tmp/buildpacks/2a30e1b8700f34f7/dependencies/0f06052381cbcef1593bd279ca3d9458/yarn_1.22.19_linux_noarch_any-stack_32d0e82e.tgz] (STDOUT, STG)#

#2.0#2024 09 14 12:09:37.954#Z#DEBUG#com.sap.cloud.lm.sl.xs2.0e9a27aa-7292-11ef-9582-eeee0a84f705.flexso-festival-planner.stageAppTask#
######org.cloudfoundry.multiapps.controller.persistence.services.ProcessLogger########flowable-async-job-executor-thread-20497###
[PollStageAppStatusExecution] [flexso-festival-planner] 491d4bb4-ce95-4cd9-9409-9d591acb9fa0 [2024-09-14T12:09:37.010673] Installed yarn 1.22.19 (STDOUT, STG)#

#2.0#2024 09 14 12:09:37.954#Z#DEBUG#com.sap.cloud.lm.sl.xs2.0e9a27aa-7292-11ef-9582-eeee0a84f705.flexso-festival-planner.stageAppTask#
######org.cloudfoundry.multiapps.controller.persistence.services.ProcessLogger########flowable-async-job-executor-thread-20497###
[PollStageAppStatusExecution] [flexso-festival-planner] 491d4bb4-ce95-4cd9-9409-9d591acb9fa0 [2024-09-14T12:09:37.010693] -----> Creating runtime environment (STDOUT, STG)#

#2.0#2024 09 14 12:09:37.954#Z#DEBUG#com.sap.cloud.lm.sl.xs2.0e9a27aa-7292-11ef-9582-eeee0a84f705.flexso-festival-planner.stageAppTask#
######org.cloudfoundry.multiapps.controller.persistence.services.ProcessLogger########flowable-async-job-executor-thread-20497###
[PollStageAppStatusExecution] [flexso-festival-planner] 491d4bb4-ce95-4cd9-9409-9d591acb9fa0 [2024-09-14T12:09:37.011808] NODE_ENV=production (STDOUT, STG)#

#2.0#2024 09 14 12:09:37.954#Z#DEBUG#com.sap.cloud.lm.sl.xs2.0e9a27aa-7292-11ef-9582-eeee0a84f705.flexso-festival-planner.stageAppTask#
######org.cloudfoundry.multiapps.controller.persistence.services.ProcessLogger########flowable-async-job-executor-thread-20497###
[PollStageAppStatusExecution] [flexso-festival-planner] 491d4bb4-ce95-4cd9-9409-9d591acb9fa0 [2024-09-14T12:09:37.011819] NODE_HOME=/tmp/contents506955812/deps/0/node (STDOUT, STG)#

#2.0#2024 09 14 12:09:37.954#Z#DEBUG#com.sap.cloud.lm.sl.xs2.0e9a27aa-7292-11ef-9582-eeee0a84f705.flexso-festival-planner.stageAppTask#
######org.cloudfoundry.multiapps.controller.persistence.services.ProcessLogger########flowable-async-job-executor-thread-20497###
[PollStageAppStatusExecution] [flexso-festival-planner] 491d4bb4-ce95-4cd9-9409-9d591acb9fa0 [2024-09-14T12:09:37.011821] NODE_MODULES_CACHE=true (STDOUT, STG)#

#2.0#2024 09 14 12:09:37.954#Z#DEBUG#com.sap.cloud.lm.sl.xs2.0e9a27aa-7292-11ef-9582-eeee0a84f705.flexso-festival-planner.stageAppTask#
######org.cloudfoundry.multiapps.controller.persistence.services.ProcessLogger########flowable-async-job-executor-thread-20497###
[PollStageAppStatusExecution] [flexso-festival-planner] 491d4bb4-ce95-4cd9-9409-9d591acb9fa0 [2024-09-14T12:09:37.011824] NODE_VERBOSE=false (STDOUT, STG)#

#2.0#2024 09 14 12:09:37.954#Z#DEBUG#com.sap.cloud.lm.sl.xs2.0e9a27aa-7292-11ef-9582-eeee0a84f705.flexso-festival-planner.stageAppTask#
######org.cloudfoundry.multiapps.controller.persistence.services.ProcessLogger########flowable-async-job-executor-thread-20497###
[PollStageAppStatusExecution] [flexso-festival-planner] 491d4bb4-ce95-4cd9-9409-9d591acb9fa0 [2024-09-14T12:09:37.011827] NPM_CONFIG_LOGLEVEL=error (STDOUT, STG)#

#2.0#2024 09 14 12:09:37.954#Z#DEBUG#com.sap.cloud.lm.sl.xs2.0e9a27aa-7292-11ef-9582-eeee0a84f705.flexso-festival-planner.stageAppTask#
######org.cloudfoundry.multiapps.controller.persistence.services.ProcessLogger########flowable-async-job-executor-thread-20497###
[PollStageAppStatusExecution] [flexso-festival-planner] 491d4bb4-ce95-4cd9-9409-9d591acb9fa0 [2024-09-14T12:09:37.011830] NPM_CONFIG_PRODUCTION=true (STDOUT, STG)#

#2.0#2024 09 14 12:09:37.954#Z#DEBUG#com.sap.cloud.lm.sl.xs2.0e9a27aa-7292-11ef-9582-eeee0a84f705.flexso-festival-planner.stageAppTask#
######org.cloudfoundry.multiapps.controller.persistence.services.ProcessLogger########flowable-async-job-executor-thread-20497###
[PollStageAppStatusExecution] [flexso-festival-planner] 491d4bb4-ce95-4cd9-9409-9d591acb9fa0 [2024-09-14T12:09:37.011877] -----> Building dependencies (STDOUT, STG)#

#2.0#2024 09 14 12:09:37.954#Z#DEBUG#com.sap.cloud.lm.sl.xs2.0e9a27aa-7292-11ef-9582-eeee0a84f705.flexso-festival-planner.stageAppTask#
######org.cloudfoundry.multiapps.controller.persistence.services.ProcessLogger########flowable-async-job-executor-thread-20497###
[PollStageAppStatusExecution] [flexso-festival-planner] 491d4bb4-ce95-4cd9-9409-9d591acb9fa0 [2024-09-14T12:09:37.011883] Prebuild detected (node_modules already exists) (STDOUT, STG)#

#2.0#2024 09 14 12:09:37.954#Z#DEBUG#com.sap.cloud.lm.sl.xs2.0e9a27aa-7292-11ef-9582-eeee0a84f705.flexso-festival-planner.stageAppTask#
######org.cloudfoundry.multiapps.controller.persistence.services.ProcessLogger########flowable-async-job-executor-thread-20497###
[PollStageAppStatusExecution] [flexso-festival-planner] 491d4bb4-ce95-4cd9-9409-9d591acb9fa0 [2024-09-14T12:09:37.011888] Rebuilding any native modules (STDOUT, STG)#

#2.0#2024 09 14 12:09:37.954#Z#DEBUG#com.sap.cloud.lm.sl.xs2.0e9a27aa-7292-11ef-9582-eeee0a84f705.flexso-festival-planner.stageAppTask#
######org.cloudfoundry.multiapps.controller.persistence.services.ProcessLogger########flowable-async-job-executor-thread-20497###
[PollStageAppStatusExecution] [flexso-festival-planner] 491d4bb4-ce95-4cd9-9409-9d591acb9fa0 [2024-09-14T12:09:37.634280] rebuilt dependencies successfully (STDOUT, STG)#

#2.0#2024 09 14 12:09:37.954#Z#DEBUG#com.sap.cloud.lm.sl.xs2.0e9a27aa-7292-11ef-9582-eeee0a84f705.flexso-festival-planner.stageAppTask#
######org.cloudfoundry.multiapps.controller.persistence.services.ProcessLogger########flowable-async-job-executor-thread-20497###
[PollStageAppStatusExecution] [flexso-festival-planner] 491d4bb4-ce95-4cd9-9409-9d591acb9fa0 [2024-09-14T12:09:37.636036] npm notice (STDOUT, STG)#

#2.0#2024 09 14 12:09:37.954#Z#DEBUG#com.sap.cloud.lm.sl.xs2.0e9a27aa-7292-11ef-9582-eeee0a84f705.flexso-festival-planner.stageAppTask#
######org.cloudfoundry.multiapps.controller.persistence.services.ProcessLogger########flowable-async-job-executor-thread-20497###
[PollStageAppStatusExecution] [flexso-festival-planner] 491d4bb4-ce95-4cd9-9409-9d591acb9fa0 [2024-09-14T12:09:37.636047] npm notice New minor version of npm available! 10.7.0 -> 10.8.3 (STDOUT, STG)#

#2.0#2024 09 14 12:09:37.954#Z#DEBUG#com.sap.cloud.lm.sl.xs2.0e9a27aa-7292-11ef-9582-eeee0a84f705.flexso-festival-planner.stageAppTask#
######org.cloudfoundry.multiapps.controller.persistence.services.ProcessLogger########flowable-async-job-executor-thread-20497###
[PollStageAppStatusExecution] [flexso-festival-planner] 491d4bb4-ce95-4cd9-9409-9d591acb9fa0 [2024-09-14T12:09:37.636051] npm notice Changelog: https://github.com/npm/cli/releases/tag/v10.8.3 (STDOUT, STG)#

#2.0#2024 09 14 12:09:37.954#Z#DEBUG#com.sap.cloud.lm.sl.xs2.0e9a27aa-7292-11ef-9582-eeee0a84f705.flexso-festival-planner.stageAppTask#
######org.cloudfoundry.multiapps.controller.persistence.services.ProcessLogger########flowable-async-job-executor-thread-20497###
[PollStageAppStatusExecution] [flexso-festival-planner] 491d4bb4-ce95-4cd9-9409-9d591acb9fa0 [2024-09-14T12:09:37.636054] npm notice To update run: npm install -g npm@10.8.3 (STDOUT, STG)#

#2.0#2024 09 14 12:09:37.954#Z#DEBUG#com.sap.cloud.lm.sl.xs2.0e9a27aa-7292-11ef-9582-eeee0a84f705.flexso-festival-planner.stageAppTask#
######org.cloudfoundry.multiapps.controller.persistence.services.ProcessLogger########flowable-async-job-executor-thread-20497###
[PollStageAppStatusExecution] [flexso-festival-planner] 491d4bb4-ce95-4cd9-9409-9d591acb9fa0 [2024-09-14T12:09:37.636057] npm notice (STDOUT, STG)#

#2.0#2024 09 14 12:09:37.954#Z#DEBUG#com.sap.cloud.lm.sl.xs2.0e9a27aa-7292-11ef-9582-eeee0a84f705.flexso-festival-planner.stageAppTask#
######org.cloudfoundry.multiapps.controller.persistence.services.ProcessLogger########flowable-async-job-executor-thread-20497###
[PollStageAppStatusExecution] [flexso-festival-planner] 491d4bb4-ce95-4cd9-9409-9d591acb9fa0 [2024-09-14T12:09:37.644451] Installing any new modules (package.json + package-lock.json) (STDOUT, STG)#

#2.0#2024 09 14 12:09:47.776#Z#DEBUG#com.sap.cloud.lm.sl.xs2.0e9a27aa-7292-11ef-9582-eeee0a84f705.flexso-festival-planner.stageAppTask#
######org.cloudfoundry.multiapps.controller.persistence.services.ProcessLogger########flowable-async-job-executor-thread-20503###
[PollStageAppStatusExecution] [flexso-festival-planner] 491d4bb4-ce95-4cd9-9409-9d591acb9fa0 [2024-09-14T12:09:38.273428] up to date in 556ms (STDOUT, STG)#

#2.0#2024 09 14 12:09:47.776#Z#DEBUG#com.sap.cloud.lm.sl.xs2.0e9a27aa-7292-11ef-9582-eeee0a84f705.flexso-festival-planner.stageAppTask#
######org.cloudfoundry.multiapps.controller.persistence.services.ProcessLogger########flowable-async-job-executor-thread-20503###
[PollStageAppStatusExecution] [flexso-festival-planner] 491d4bb4-ce95-4cd9-9409-9d591acb9fa0 [2024-09-14T12:09:38.273563] 18 packages are looking for funding (STDOUT, STG)#

#2.0#2024 09 14 12:09:47.776#Z#DEBUG#com.sap.cloud.lm.sl.xs2.0e9a27aa-7292-11ef-9582-eeee0a84f705.flexso-festival-planner.stageAppTask#
######org.cloudfoundry.multiapps.controller.persistence.services.ProcessLogger########flowable-async-job-executor-thread-20503###
[PollStageAppStatusExecution] [flexso-festival-planner] 491d4bb4-ce95-4cd9-9409-9d591acb9fa0 [2024-09-14T12:09:38.273573] run `npm fund` for details (STDOUT, STG)#

#2.0#2024 09 14 12:09:47.776#Z#DEBUG#com.sap.cloud.lm.sl.xs2.0e9a27aa-7292-11ef-9582-eeee0a84f705.flexso-festival-planner.stageAppTask#
######org.cloudfoundry.multiapps.controller.persistence.services.ProcessLogger########flowable-async-job-executor-thread-20503###
[PollStageAppStatusExecution] [flexso-festival-planner] 491d4bb4-ce95-4cd9-9409-9d591acb9fa0 [2024-09-14T12:09:39.013022] Contrast Security no credentials found. Will not write environment files. (STDOUT, STG)#

#2.0#2024 09 14 12:09:57.825#Z#DEBUG#com.sap.cloud.lm.sl.xs2.0e9a27aa-7292-11ef-9582-eeee0a84f705.flexso-festival-planner.stageAppTask#
######org.cloudfoundry.multiapps.controller.persistence.services.ProcessLogger########flowable-async-job-executor-thread-20511###
[PollStageAppStatusExecution] [flexso-festival-planner] 491d4bb4-ce95-4cd9-9409-9d591acb9fa0 [2024-09-14T12:09:48.023248] Exit status 0 (STDOUT, STG)#

#2.0#2024 09 14 12:09:57.825#Z#DEBUG#com.sap.cloud.lm.sl.xs2.0e9a27aa-7292-11ef-9582-eeee0a84f705.flexso-festival-planner.stageAppTask#
######org.cloudfoundry.multiapps.controller.persistence.services.ProcessLogger########flowable-async-job-executor-thread-20511###
[PollStageAppStatusExecution] [flexso-festival-planner] 491d4bb4-ce95-4cd9-9409-9d591acb9fa0 [2024-09-14T12:09:48.023283] Uploading droplet, build artifacts cache... (STDOUT, STG)#

#2.0#2024 09 14 12:09:57.825#Z#DEBUG#com.sap.cloud.lm.sl.xs2.0e9a27aa-7292-11ef-9582-eeee0a84f705.flexso-festival-planner.stageAppTask#
######org.cloudfoundry.multiapps.controller.persistence.services.ProcessLogger########flowable-async-job-executor-thread-20511###
[PollStageAppStatusExecution] [flexso-festival-planner] 491d4bb4-ce95-4cd9-9409-9d591acb9fa0 [2024-09-14T12:09:48.023314] Uploading build artifacts cache... (STDOUT, STG)#

#2.0#2024 09 14 12:09:57.825#Z#DEBUG#com.sap.cloud.lm.sl.xs2.0e9a27aa-7292-11ef-9582-eeee0a84f705.flexso-festival-planner.stageAppTask#
######org.cloudfoundry.multiapps.controller.persistence.services.ProcessLogger########flowable-async-job-executor-thread-20511###
[PollStageAppStatusExecution] [flexso-festival-planner] 491d4bb4-ce95-4cd9-9409-9d591acb9fa0 [2024-09-14T12:09:48.023331] Uploading droplet... (STDOUT, STG)#

#2.0#2024 09 14 12:09:57.825#Z#DEBUG#com.sap.cloud.lm.sl.xs2.0e9a27aa-7292-11ef-9582-eeee0a84f705.flexso-festival-planner.stageAppTask#
######org.cloudfoundry.multiapps.controller.persistence.services.ProcessLogger########flowable-async-job-executor-thread-20511###
[PollStageAppStatusExecution] [flexso-festival-planner] 491d4bb4-ce95-4cd9-9409-9d591acb9fa0 [2024-09-14T12:09:48.043629] Uploaded build artifacts cache (225B) (STDOUT, STG)#

#2.0#2024 09 14 12:09:57.825#Z#DEBUG#com.sap.cloud.lm.sl.xs2.0e9a27aa-7292-11ef-9582-eeee0a84f705.flexso-festival-planner.stageAppTask#
######org.cloudfoundry.multiapps.controller.persistence.services.ProcessLogger########flowable-async-job-executor-thread-20511###
[PollStageAppStatusExecution] [flexso-festival-planner] 491d4bb4-ce95-4cd9-9409-9d591acb9fa0 [2024-09-14T12:09:48.987412] Creating droplet for app with guid 491d4bb4-ce95-4cd9-9409-9d591acb9fa0 (STDOUT, API)#

#2.0#2024 09 14 12:09:57.825#Z#DEBUG#com.sap.cloud.lm.sl.xs2.0e9a27aa-7292-11ef-9582-eeee0a84f705.flexso-festival-planner.stageAppTask#
######org.cloudfoundry.multiapps.controller.persistence.services.ProcessLogger########flowable-async-job-executor-thread-20511###
[PollStageAppStatusExecution] [flexso-festival-planner] 491d4bb4-ce95-4cd9-9409-9d591acb9fa0 [2024-09-14T12:09:54.165074] Uploaded droplet (52.1M) (STDOUT, STG)#

#2.0#2024 09 14 12:09:57.825#Z#DEBUG#com.sap.cloud.lm.sl.xs2.0e9a27aa-7292-11ef-9582-eeee0a84f705.flexso-festival-planner.stageAppTask#
######org.cloudfoundry.multiapps.controller.persistence.services.ProcessLogger########flowable-async-job-executor-thread-20511###
[PollStageAppStatusExecution] [flexso-festival-planner] 491d4bb4-ce95-4cd9-9409-9d591acb9fa0 [2024-09-14T12:09:54.176825] Uploading complete (STDOUT, STG)#

#2.0#2024 09 14 12:09:57.825#Z#DEBUG#com.sap.cloud.lm.sl.xs2.0e9a27aa-7292-11ef-9582-eeee0a84f705.flexso-festival-planner.stageAppTask#
######org.cloudfoundry.multiapps.controller.persistence.services.ProcessLogger########flowable-async-job-executor-thread-20511###
[PollStageAppStatusExecution] [flexso-festival-planner] 491d4bb4-ce95-4cd9-9409-9d591acb9fa0 [2024-09-14T12:09:54.314978] Cell d1cc041a-d5a1-41d6-b9f6-6cda736ce3f0 stopping instance bb678285-fca6-4a9a-a855-a00f95102f4b (STDOUT, STG)#

#2.0#2024 09 14 12:09:57.825#Z#DEBUG#com.sap.cloud.lm.sl.xs2.0e9a27aa-7292-11ef-9582-eeee0a84f705.flexso-festival-planner.stageAppTask#
######org.cloudfoundry.multiapps.controller.persistence.services.ProcessLogger########flowable-async-job-executor-thread-20511###
[PollStageAppStatusExecution] [flexso-festival-planner] 491d4bb4-ce95-4cd9-9409-9d591acb9fa0 [2024-09-14T12:09:54.315017] Cell d1cc041a-d5a1-41d6-b9f6-6cda736ce3f0 destroying container for instance bb678285-fca6-4a9a-a855-a00f95102f4b (STDOUT, STG)#

#2.0#2024 09 14 12:09:57.825#Z#DEBUG#com.sap.cloud.lm.sl.xs2.0e9a27aa-7292-11ef-9582-eeee0a84f705.flexso-festival-planner.stageAppTask#
######org.cloudfoundry.multiapps.controller.persistence.services.ProcessLogger########flowable-async-job-executor-thread-20511###
[PollStageAppStatusExecution] [flexso-festival-planner] 491d4bb4-ce95-4cd9-9409-9d591acb9fa0 [2024-09-14T12:09:55.823297] Cell d1cc041a-d5a1-41d6-b9f6-6cda736ce3f0 successfully destroyed container for instance bb678285-fca6-4a9a-a855-a00f95102f4b (STDOUT, STG)#

#2.0#2024 09 14 12:10:07.843#Z#DEBUG#com.sap.cloud.lm.sl.xs2.0e9a27aa-7292-11ef-9582-eeee0a84f705.flexso-festival-planner.startAppTask#
######org.cloudfoundry.multiapps.controller.persistence.services.ProcessLogger########flowable-async-job-executor-thread-20520###
[PollStartAppStatusExecution] [flexso-festival-planner] 491d4bb4-ce95-4cd9-9409-9d591acb9fa0 [2024-09-14T12:09:57.916063] Updated app with guid 491d4bb4-ce95-4cd9-9409-9d591acb9fa0 ({:droplet_guid=>"a5b1d608-3fcc-4464-a6c1-e49db2fc8c29"}) (STDOUT, API)#

#2.0#2024 09 14 12:10:07.843#Z#DEBUG#com.sap.cloud.lm.sl.xs2.0e9a27aa-7292-11ef-9582-eeee0a84f705.flexso-festival-planner.startAppTask#
######org.cloudfoundry.multiapps.controller.persistence.services.ProcessLogger########flowable-async-job-executor-thread-20520###
[PollStartAppStatusExecution] [flexso-festival-planner] 491d4bb4-ce95-4cd9-9409-9d591acb9fa0 [2024-09-14T12:09:58.164906] Creating revision for app with guid 491d4bb4-ce95-4cd9-9409-9d591acb9fa0 (STDOUT, API)#

#2.0#2024 09 14 12:10:07.843#Z#DEBUG#com.sap.cloud.lm.sl.xs2.0e9a27aa-7292-11ef-9582-eeee0a84f705.flexso-festival-planner.startAppTask#
######org.cloudfoundry.multiapps.controller.persistence.services.ProcessLogger########flowable-async-job-executor-thread-20520###
[PollStartAppStatusExecution] [flexso-festival-planner] 491d4bb4-ce95-4cd9-9409-9d591acb9fa0 [2024-09-14T12:09:58.197072] Starting app with guid 491d4bb4-ce95-4cd9-9409-9d591acb9fa0 (STDOUT, API)#

#2.0#2024 09 14 12:10:07.843#Z#DEBUG#com.sap.cloud.lm.sl.xs2.0e9a27aa-7292-11ef-9582-eeee0a84f705.flexso-festival-planner.startAppTask#
######org.cloudfoundry.multiapps.controller.persistence.services.ProcessLogger########flowable-async-job-executor-thread-20520###
[PollStartAppStatusExecution] [flexso-festival-planner] 491d4bb4-ce95-4cd9-9409-9d591acb9fa0 [2024-09-14T12:09:58.346580] Cell 40a73ee2-c30d-4beb-931c-937f2cbb923b creating container for instance a6f3c6ea-c65f-42bd-4eca-60c4 (STDOUT, CELL)#

#2.0#2024 09 14 12:10:07.843#Z#DEBUG#com.sap.cloud.lm.sl.xs2.0e9a27aa-7292-11ef-9582-eeee0a84f705.flexso-festival-planner.startAppTask#
######org.cloudfoundry.multiapps.controller.persistence.services.ProcessLogger########flowable-async-job-executor-thread-20520###
[PollStartAppStatusExecution] [flexso-festival-planner] 491d4bb4-ce95-4cd9-9409-9d591acb9fa0 [2024-09-14T12:09:58.648674] Security group rules were updated (STDOUT, CELL)#

#2.0#2024 09 14 12:10:07.843#Z#DEBUG#com.sap.cloud.lm.sl.xs2.0e9a27aa-7292-11ef-9582-eeee0a84f705.flexso-festival-planner.startAppTask#
######org.cloudfoundry.multiapps.controller.persistence.services.ProcessLogger########flowable-async-job-executor-thread-20520###
[PollStartAppStatusExecution] [flexso-festival-planner] 491d4bb4-ce95-4cd9-9409-9d591acb9fa0 [2024-09-14T12:09:58.705394] Cell 40a73ee2-c30d-4beb-931c-937f2cbb923b successfully created container for instance a6f3c6ea-c65f-42bd-4eca-60c4 (STDOUT, CELL)#

#2.0#2024 09 14 12:10:07.843#Z#DEBUG#com.sap.cloud.lm.sl.xs2.0e9a27aa-7292-11ef-9582-eeee0a84f705.flexso-festival-planner.startAppTask#
######org.cloudfoundry.multiapps.controller.persistence.services.ProcessLogger########flowable-async-job-executor-thread-20520###
[PollStartAppStatusExecution] [flexso-festival-planner] 491d4bb4-ce95-4cd9-9409-9d591acb9fa0 [2024-09-14T12:09:58.920597] Downloading droplet... (STDOUT, CELL)#

#2.0#2024 09 14 12:10:07.843#Z#DEBUG#com.sap.cloud.lm.sl.xs2.0e9a27aa-7292-11ef-9582-eeee0a84f705.flexso-festival-planner.startAppTask#
######org.cloudfoundry.multiapps.controller.persistence.services.ProcessLogger########flowable-async-job-executor-thread-20520###
[PollStartAppStatusExecution] [flexso-festival-planner] 491d4bb4-ce95-4cd9-9409-9d591acb9fa0 [2024-09-14T12:10:01.705054] Downloaded droplet (52.1M) (STDOUT, CELL)#

#2.0#2024 09 14 12:10:07.843#Z#DEBUG#com.sap.cloud.lm.sl.xs2.0e9a27aa-7292-11ef-9582-eeee0a84f705.flexso-festival-planner.startAppTask#
######org.cloudfoundry.multiapps.controller.persistence.services.ProcessLogger########flowable-async-job-executor-thread-20520###
[PollStartAppStatusExecution] [flexso-festival-planner] 491d4bb4-ce95-4cd9-9409-9d591acb9fa0 [2024-09-14T12:10:01.705157] Starting health monitoring of container (STDOUT, CELL)#

#2.0#2024 09 14 12:10:07.843#Z#DEBUG#com.sap.cloud.lm.sl.xs2.0e9a27aa-7292-11ef-9582-eeee0a84f705.flexso-festival-planner.startAppTask#
######org.cloudfoundry.multiapps.controller.persistence.services.ProcessLogger########flowable-async-job-executor-thread-20520###
[PollStartAppStatusExecution] [flexso-festival-planner] 491d4bb4-ce95-4cd9-9409-9d591acb9fa0 [2024-09-14T12:10:01.759655] Invoking pre-start scripts. (STDOUT, APP/PROC/WEB)#

#2.0#2024 09 14 12:10:07.843#Z#DEBUG#com.sap.cloud.lm.sl.xs2.0e9a27aa-7292-11ef-9582-eeee0a84f705.flexso-festival-planner.startAppTask#
######org.cloudfoundry.multiapps.controller.persistence.services.ProcessLogger########flowable-async-job-executor-thread-20520###
[PollStartAppStatusExecution] [flexso-festival-planner] 491d4bb4-ce95-4cd9-9409-9d591acb9fa0 [2024-09-14T12:10:01.951217] Invoking start command. (STDOUT, APP/PROC/WEB)#

#2.0#2024 09 14 12:10:07.843#Z#DEBUG#com.sap.cloud.lm.sl.xs2.0e9a27aa-7292-11ef-9582-eeee0a84f705.flexso-festival-planner.startAppTask#
######org.cloudfoundry.multiapps.controller.persistence.services.ProcessLogger########flowable-async-job-executor-thread-20520###
[PollStartAppStatusExecution] [flexso-festival-planner] 491d4bb4-ce95-4cd9-9409-9d591acb9fa0 [2024-09-14T12:10:02.261203] > start (STDOUT, APP/PROC/WEB)#

#2.0#2024 09 14 12:10:07.843#Z#DEBUG#com.sap.cloud.lm.sl.xs2.0e9a27aa-7292-11ef-9582-eeee0a84f705.flexso-festival-planner.startAppTask#
######org.cloudfoundry.multiapps.controller.persistence.services.ProcessLogger########flowable-async-job-executor-thread-20520###
[PollStartAppStatusExecution] [flexso-festival-planner] 491d4bb4-ce95-4cd9-9409-9d591acb9fa0 [2024-09-14T12:10:02.261220] > node node_modules/@sap/approuter/approuter.js (STDOUT, APP/PROC/WEB)#

#2.0#2024 09 14 12:10:07.843#Z#DEBUG#com.sap.cloud.lm.sl.xs2.0e9a27aa-7292-11ef-9582-eeee0a84f705.flexso-festival-planner.startAppTask#
######org.cloudfoundry.multiapps.controller.persistence.services.ProcessLogger########flowable-async-job-executor-thread-20520###
[PollStartAppStatusExecution] [flexso-festival-planner] 491d4bb4-ce95-4cd9-9409-9d591acb9fa0 [2024-09-14T12:10:02.509443] {"written_at":"2024-09-14T12:10:02.507Z","written_ts":1726315802507000000,"csn_component":"-","correlation_id":"-","type":"log","logger":"nodejs-logger","layer":"/LoggingLibrary","level":"warning","container_id":"10.32.3.5","component_type":"application","component_id":"491d4bb4-ce95-4cd9-9409-9d591acb9fa0","component_name":"flexso-festival-planner","component_instance":-1,"source_instance":-1,"organization_id":"b7352fe5-04a4-4631-8e43-bd692b446568","organization_name":"fb50d9cbtrial","space_id":"eb0dfdff-8bd1-40b9-b7e7-48d37c55a1a9","space_name":"dev","context_id":"","msg":"Dynamic log level switching not available"} (STDOUT, APP/PROC/WEB)#

#2.0#2024 09 14 12:10:07.843#Z#DEBUG#com.sap.cloud.lm.sl.xs2.0e9a27aa-7292-11ef-9582-eeee0a84f705.flexso-festival-planner.startAppTask#
######org.cloudfoundry.multiapps.controller.persistence.services.ProcessLogger########flowable-async-job-executor-thread-20520###
[PollStartAppStatusExecution] [flexso-festival-planner] 491d4bb4-ce95-4cd9-9409-9d591acb9fa0 [2024-09-14T12:10:02.777963] {"written_at":"2024-09-14T12:10:02.777Z","written_ts":1726315802777000000,"csn_component":"-","correlation_id":"m123uuft","type":"log","logger":"nodejs-logger","layer":"/approuter","level":"info","container_id":"10.32.3.5","component_type":"application","component_id":"491d4bb4-ce95-4cd9-9409-9d591acb9fa0","component_name":"flexso-festival-planner","component_instance":-1,"source_instance":-1,"organization_id":"b7352fe5-04a4-4631-8e43-bd692b446568","organization_name":"fb50d9cbtrial","space_id":"eb0dfdff-8bd1-40b9-b7e7-48d37c55a1a9","space_name":"dev","context_id":"m123uuft","msg":"Application router version 16.7.3"} (STDOUT, APP/PROC/WEB)#

#2.0#2024 09 14 12:10:07.843#Z#DEBUG#com.sap.cloud.lm.sl.xs2.0e9a27aa-7292-11ef-9582-eeee0a84f705.flexso-festival-planner.startAppTask#
######org.cloudfoundry.multiapps.controller.persistence.services.ProcessLogger########flowable-async-job-executor-thread-20520###
[PollStartAppStatusExecution] [flexso-festival-planner] 491d4bb4-ce95-4cd9-9409-9d591acb9fa0 [2024-09-14T12:10:02.781301] {"written_at":"2024-09-14T12:10:02.781Z","written_ts":1726315802781000000,"csn_component":"-","correlation_id":"m123uufx","type":"log","logger":"nodejs-logger","layer":"/Configuration","level":"info","container_id":"10.32.3.5","component_type":"application","component_id":"491d4bb4-ce95-4cd9-9409-9d591acb9fa0","component_name":"flexso-festival-planner","component_instance":-1,"source_instance":-1,"organization_id":"b7352fe5-04a4-4631-8e43-bd692b446568","organization_name":"fb50d9cbtrial","space_id":"eb0dfdff-8bd1-40b9-b7e7-48d37c55a1a9","space_name":"dev","context_id":"m123uufx","msg":"No COOKIES environment variable"} (STDOUT, APP/PROC/WEB)#

#2.0#2024 09 14 12:10:07.843#Z#DEBUG#com.sap.cloud.lm.sl.xs2.0e9a27aa-7292-11ef-9582-eeee0a84f705.flexso-festival-planner.startAppTask#
######org.cloudfoundry.multiapps.controller.persistence.services.ProcessLogger########flowable-async-job-executor-thread-20520###
[PollStartAppStatusExecution] [flexso-festival-planner] 491d4bb4-ce95-4cd9-9409-9d591acb9fa0 [2024-09-14T12:10:02.803662] {"written_at":"2024-09-14T12:10:02.803Z","written_ts":1726315802803000000,"csn_component":"-","correlation_id":"m123uuft","type":"log","logger":"nodejs-logger","layer":"/approuter","level":"info","container_id":"10.32.3.5","component_type":"application","component_id":"491d4bb4-ce95-4cd9-9409-9d591acb9fa0","component_name":"flexso-festival-planner","component_instance":-1,"source_instance":-1,"organization_id":"b7352fe5-04a4-4631-8e43-bd692b446568","organization_name":"fb50d9cbtrial","space_id":"eb0dfdff-8bd1-40b9-b7e7-48d37c55a1a9","space_name":"dev","context_id":"m123uuft","msg":"Application router is listening on port: 8080"} (STDOUT, APP/PROC/WEB)#

#2.0#2024 09 14 12:10:07.843#Z#DEBUG#com.sap.cloud.lm.sl.xs2.0e9a27aa-7292-11ef-9582-eeee0a84f705.flexso-festival-planner.startAppTask#
######org.cloudfoundry.multiapps.controller.persistence.services.ProcessLogger########flowable-async-job-executor-thread-20520###
[PollStartAppStatusExecution] [flexso-festival-planner] 491d4bb4-ce95-4cd9-9409-9d591acb9fa0 [2024-09-14T12:10:04.325821] Container became healthy (STDOUT, CELL)#

#2.0#2024 09 14 12:10:07.843#Z#DEBUG#com.sap.cloud.lm.sl.xs2.0e9a27aa-7292-11ef-9582-eeee0a84f705.flexso-festival-planner.startAppTask#
######org.cloudfoundry.multiapps.controller.persistence.services.ProcessLogger########flowable-async-job-executor-thread-20520###
[PollStartAppStatusExecution] [flexso-festival-planner] 491d4bb4-ce95-4cd9-9409-9d591acb9fa0 [2024-09-14T12:10:04.343141] Process became ready with guid 491d4bb4-ce95-4cd9-9409-9d591acb9fa0 payload: {"instance"=>"a6f3c6ea-c65f-42bd-4eca-60c4", "index"=>0, "cell_id"=>"40a73ee2-c30d-4beb-931c-937f2cbb923b", "ready"=>true, "version"=>"5d5ed002-917c-4684-83ee-29490505ea11"} (STDOUT, API)#

